<?xml version="1.0" encoding="UTF-8"?>
<coverage generated="1589825822254" clover="3.2.0">
  <project timestamp="1589825822254" name="All files">
    <metrics statements="11" coveredstatements="11" conditionals="0" coveredconditionals="0" methods="1" coveredmethods="1" elements="12" coveredelements="12" complexity="0" loc="11" ncloc="11" packages="1" files="1" classes="1"/>
    <file name="array-shift.js" path="/mnt/c/Users/STD/Desktop/401/code-challange/data-structures-and-algorithms/JavaScript/challenges/arrayShift/array-shift.js">
      <metrics statements="11" coveredstatements="11" conditionals="0" coveredconditionals="0" methods="1" coveredmethods="1"/>
      <line num="4" count="4" type="stmt"/>
      <line num="5" count="4" type="stmt"/>
      <line num="6" count="4" type="stmt"/>
      <line num="7" count="4" type="stmt"/>
      <line num="8" count="10" type="stmt"/>
      <line num="10" count="4" type="stmt"/>
      <line num="11" count="8" type="stmt"/>
      <line num="13" count="4" type="stmt"/>
      <line num="17" count="1" type="stmt"/>
      <line num="18" count="1" type="stmt"/>
      <line num="20" count="1" type="stmt"/>
    </file>
  </project>
</coverage>
